C51 COMPILER V9.60.0.0   GPIO                                                              09/11/2022 21:46:48 PAGE 1   


C51 COMPILER V9.60.0.0, COMPILATION OF MODULE GPIO
OBJECT MODULE PLACED IN .\build\Debug\gpio.obj
COMPILER INVOKED BY: D:\Keil_v5-C51\C51\BIN\C51.EXE SailFwLib\src\STC8H\gpio.c OPTIMIZE(8,SPEED) BROWSE INCDIR(.\User;.\
                    -SailFwLib;.\SailFwLib\src\STC8H;.\SailFwLib\inc;.\SailFwLib\lib) DEBUG OBJECTEXTEND PRINT(.\Listings\gpio.lst) OBJECT(.\
                    -build\Debug\gpio.obj)

line level    source

   1          #include "gpio.h"
*** MESSAGE C286 IN LINE 234 OF .\SailFwLib\inc\gpio.h: abc
   2          // void sl_gpio_init(uint8_t gpio_x, uint8_t gpio_pin_x, gpio_config_t gpio_config)
   3          // {
   4              
   5          // }
   6          // void sl_gpio_deinit(uint8_t gpio_x, uint8_t gpio_pin_x)
   7          // {
   8          
   9          // }


MODULE INFORMATION:   STATIC OVERLAYABLE
   CODE SIZE        =   ----    ----
   CONSTANT SIZE    =   ----    ----
   XDATA SIZE       =   ----    ----
   PDATA SIZE       =   ----    ----
   DATA SIZE        =   ----    ----
   IDATA SIZE       =   ----    ----
   BIT SIZE         =   ----    ----
END OF MODULE INFORMATION.


C51 COMPILATION COMPLETE.  0 WARNING(S),  0 ERROR(S)
